2023-04-18 20:46:08 INFO  Log:16 - ********************
2023-04-18 20:46:08 INFO  Log:17 - *********************
2023-04-18 20:46:08 INFO  Log:18 - ***************This is the beginning of my test cae**********
2023-04-18 20:46:08 INFO  Log:30 - My test cae is executing now
2023-04-18 20:46:08 INFO  Log:34 - My test case might have some trivial issue
2023-04-18 20:47:10 INFO  Log:30 - This test cae is about to completed
2023-04-18 20:47:10 INFO  Log:23 - ###############################
2023-04-18 20:47:10 INFO  Log:24 - #################################
2023-04-18 20:47:10 INFO  Log:25 - #############This test case is finished#####################
2023-04-18 20:47:35 INFO  Log:16 - ********************
2023-04-18 20:47:35 INFO  Log:17 - *********************
2023-04-18 20:47:35 INFO  Log:18 - ***************This is the beginning of my test cae**********
2023-04-18 20:47:35 INFO  Log:30 - My test cae is executing now
2023-04-18 20:47:35 INFO  Log:34 - My test case might have some trivial issue
2023-04-18 20:47:43 INFO  Log:30 - This test cae is about to completed
2023-04-18 20:47:43 INFO  Log:23 - ###############################
2023-04-18 20:47:43 INFO  Log:24 - #################################
2023-04-18 20:47:43 INFO  Log:25 - #############This test case is finished#####################
2023-04-18 22:03:33 INFO  Log:16 - ********************
2023-04-18 22:03:33 INFO  Log:17 - *********************
2023-04-18 22:03:33 INFO  Log:18 - ***************This is the beginning of my test cae**********
2023-04-18 22:03:33 INFO  Log:30 - My test cae is executing now
2023-04-18 22:03:33 INFO  Log:34 - My test case might have some trivial issue
2023-04-18 22:03:41 INFO  Log:30 - This test cae is about to completed
2023-04-18 22:03:41 INFO  Log:23 - ###############################
2023-04-18 22:03:41 INFO  Log:24 - #################################
2023-04-18 22:03:41 INFO  Log:25 - #############This test case is finished#####################
2023-04-18 22:03:42 INFO  Log:16 - ********************
2023-04-18 22:03:42 INFO  Log:17 - *********************
2023-04-18 22:03:42 INFO  Log:18 - ***************This is the beginning of my test cae**********
2023-04-18 22:03:42 INFO  Log:30 - My test cae is executing now
2023-04-18 22:03:42 INFO  Log:34 - My test case might have some trivial issue
2023-04-18 22:03:44 INFO  Log:30 - This test cae is about to completed
2023-04-18 22:03:44 INFO  Log:23 - ###############################
2023-04-18 22:03:44 INFO  Log:24 - #################################
2023-04-18 22:03:44 INFO  Log:25 - #############This test case is finished#####################
2023-04-18 23:45:59 INFO  Log:16 - ********************
2023-04-18 23:45:59 INFO  Log:17 - *********************
2023-04-18 23:45:59 INFO  Log:18 - ***************This is the beginning of my test cae**********
2023-04-18 23:45:59 INFO  Log:30 - My test cae is executing now
2023-04-18 23:45:59 INFO  Log:34 - My test case might have some trivial issue
2023-04-18 23:46:01 INFO  Log:16 - ********************
2023-04-18 23:46:01 INFO  Log:17 - *********************
2023-04-18 23:46:01 INFO  Log:18 - ***************This is the beginning of my test cae**********
2023-04-18 23:46:01 INFO  Log:30 - My test cae is executing now
2023-04-18 23:46:01 INFO  Log:34 - My test case might have some trivial issue
2023-04-18 23:46:06 INFO  Log:30 - This test cae is about to completed
2023-04-18 23:46:06 INFO  Log:23 - ###############################
2023-04-18 23:46:06 INFO  Log:24 - #################################
2023-04-18 23:46:06 INFO  Log:25 - #############This test case is finished#####################
2023-04-18 23:46:08 INFO  Log:16 - ********************
2023-04-18 23:46:08 INFO  Log:17 - *********************
2023-04-18 23:46:08 INFO  Log:18 - ***************This is the beginning of my test cae**********
2023-04-18 23:46:08 INFO  Log:30 - My test cae is executing now
2023-04-18 23:46:08 INFO  Log:34 - My test case might have some trivial issue
2023-04-18 23:46:09 INFO  Log:30 - This test cae is about to completed
2023-04-18 23:46:09 INFO  Log:23 - ###############################
2023-04-18 23:46:09 INFO  Log:24 - #################################
2023-04-18 23:46:09 INFO  Log:25 - #############This test case is finished#####################
2023-04-18 23:46:10 INFO  Log:16 - ********************
2023-04-18 23:46:10 INFO  Log:17 - *********************
2023-04-18 23:46:10 INFO  Log:18 - ***************This is the beginning of my test cae**********
2023-04-18 23:46:10 INFO  Log:30 - My test cae is executing now
2023-04-18 23:46:10 INFO  Log:34 - My test case might have some trivial issue
2023-04-18 23:46:10 INFO  Log:30 - This test cae is about to completed
2023-04-18 23:46:10 INFO  Log:23 - ###############################
2023-04-18 23:46:10 INFO  Log:24 - #################################
2023-04-18 23:46:10 INFO  Log:25 - #############This test case is finished#####################
2023-04-18 23:46:12 INFO  Log:30 - This test cae is about to completed
2023-04-18 23:46:12 INFO  Log:23 - ###############################
2023-04-18 23:46:12 INFO  Log:24 - #################################
2023-04-18 23:46:12 INFO  Log:25 - #############This test case is finished#####################
2023-04-18 23:51:30 INFO  Log:16 - ********************
2023-04-18 23:51:30 INFO  Log:17 - *********************
2023-04-18 23:51:30 INFO  Log:18 - ***************This is the beginning of my test cae**********
2023-04-18 23:51:30 INFO  Log:30 - My test cae is executing now
2023-04-18 23:51:30 INFO  Log:34 - My test case might have some trivial issue
2023-04-18 23:51:38 INFO  Log:30 - This test cae is about to completed
2023-04-18 23:51:38 INFO  Log:23 - ###############################
2023-04-18 23:51:38 INFO  Log:24 - #################################
2023-04-18 23:51:38 INFO  Log:25 - #############This test case is finished#####################
2023-04-18 23:51:40 INFO  Log:16 - ********************
2023-04-18 23:51:40 INFO  Log:17 - *********************
2023-04-18 23:51:40 INFO  Log:18 - ***************This is the beginning of my test cae**********
2023-04-18 23:51:40 INFO  Log:30 - My test cae is executing now
2023-04-18 23:51:40 INFO  Log:34 - My test case might have some trivial issue
2023-04-18 23:51:42 INFO  Log:30 - This test cae is about to completed
2023-04-18 23:51:42 INFO  Log:23 - ###############################
2023-04-18 23:51:42 INFO  Log:24 - #################################
2023-04-18 23:51:42 INFO  Log:25 - #############This test case is finished#####################
2023-05-13 12:29:15 INFO  Log:16 - ********************
2023-05-13 12:29:15 INFO  Log:17 - *********************
2023-05-13 12:29:15 INFO  Log:18 - ***************This is the beginning of my test cae**********
2023-05-13 12:29:15 INFO  Log:30 - My test case is executing now
2023-05-13 12:29:15 INFO  Log:34 - My test case might have some trivial issue
2023-05-13 12:29:22 INFO  Log:30 - This test cae is about to completed
2023-05-13 12:29:22 INFO  Log:23 - ###############################
2023-05-13 12:29:22 INFO  Log:24 - #################################
2023-05-13 12:29:22 INFO  Log:25 - #############This test case is finished#####################
2023-05-13 12:44:07 INFO  Log:16 - ********************
2023-05-13 12:44:07 INFO  Log:17 - *********************
2023-05-13 12:44:07 INFO  Log:18 - ***************This is the beginning of my test cae**********
2023-05-13 12:44:07 INFO  Log:30 - My test case is executing now
2023-05-13 12:44:07 INFO  Log:34 - My test case might have some trivial issue
2023-05-13 12:44:15 INFO  Log:30 - This test cae is about to completed
2023-05-13 12:44:15 INFO  Log:23 - ###############################
2023-05-13 12:44:15 INFO  Log:24 - #################################
2023-05-13 12:44:15 INFO  Log:25 - #############This test case is finished#####################
2023-05-13 12:46:18 INFO  Log:16 - ********************
2023-05-13 12:46:18 INFO  Log:17 - *********************
2023-05-13 12:46:18 INFO  Log:18 - ***************This is the beginning of my test cae**********
2023-05-13 12:46:18 INFO  Log:30 - My test case is executing now
2023-05-13 12:46:18 INFO  Log:34 - My test case might have some trivial issue
2023-05-13 12:46:25 INFO  Log:30 - This test cae is about to completed
2023-05-13 12:46:25 INFO  Log:23 - ###############################
2023-05-13 12:46:25 INFO  Log:24 - #################################
2023-05-13 12:46:25 INFO  Log:25 - #############This test case is finished#####################
2023-05-30 21:26:43 INFO  Log:16 - ********************
2023-05-30 21:26:43 INFO  Log:17 - *********************
2023-05-30 21:26:43 INFO  Log:18 - ***************This is the beginning of my test cae**********
2023-05-30 21:26:43 INFO  Log:30 - My test case is executing now
2023-05-30 21:26:43 INFO  Log:34 - My test case might have some trivial issue
2023-05-30 21:26:53 INFO  Log:30 - This test cae is about to completed
2023-05-30 21:26:53 INFO  Log:23 - ###############################
2023-05-30 21:26:53 INFO  Log:24 - #################################
2023-05-30 21:26:53 INFO  Log:25 - #############This test case is finished#####################
2023-05-30 21:33:51 INFO  Log:16 - ********************
2023-05-30 21:33:51 INFO  Log:17 - *********************
2023-05-30 21:33:51 INFO  Log:18 - ***************This is the beginning of my test cae**********
2023-05-30 21:33:51 INFO  Log:30 - My test case is executing now
2023-05-30 21:33:51 INFO  Log:34 - My test case might have some trivial issue
2023-05-30 21:36:35 INFO  Log:16 - ********************
2023-05-30 21:36:35 INFO  Log:17 - *********************
2023-05-30 21:36:35 INFO  Log:18 - ***************This is the beginning of my test cae**********
2023-05-30 21:36:35 INFO  Log:30 - My test case is executing now
2023-05-30 21:36:35 INFO  Log:34 - My test case might have some trivial issue
